<?xml version="1.0" encoding="UTF-8"?>
<testng-results ignored="0" total="1" passed="1" failed="0" skipped="0">
  <reporter-output>
  </reporter-output>
  <suite started-at="2026-02-10T21:02:51 IST" name="Suite" finished-at="2026-02-10T21:02:51 IST" duration-ms="35">
    <groups>
    </groups>
    <test started-at="2026-02-10T21:02:51 IST" name="Test" finished-at="2026-02-10T21:02:51 IST" duration-ms="35">
      <class name="sample.Sample">
        <test-method signature="sample()[pri:0, instance:sample.Sample@1613674b]" started-at="2026-02-10T21:02:51 IST" name="sample" finished-at="2026-02-10T21:02:51 IST" duration-ms="6" status="PASS">
          <reporter-output>
          </reporter-output>
        </test-method> <!-- sample -->
      </class> <!-- sample.Sample -->
    </test> <!-- Test -->
  </suite> <!-- Suite -->
</testng-results>
